c:\users\anmol\source\repos\tools\tools\release\vc142.pdb
c:\users\anmol\source\repos\tools\tools\release\.netframework,version=v4.6.1.assemblyattributes.obj
c:\users\anmol\source\repos\tools\tools\release\myform.obj
c:\users\anmol\source\repos\tools\release\tools.exe
c:\users\anmol\source\repos\tools\release\tools.pdb
c:\users\anmol\source\repos\tools\tools\release\tools.control1.resources
c:\users\anmol\source\repos\tools\tools\release\tools.control2.resources
c:\users\anmol\source\repos\tools\tools\release\tools.control3.resources
c:\users\anmol\source\repos\tools\tools\release\tools.control5.resources
c:\users\anmol\source\repos\tools\tools\release\tools.control6.resources
c:\users\anmol\source\repos\tools\tools\release\tools.myform.resources
c:\users\anmol\source\repos\tools\tools\release\tools.tlog\cl.command.1.tlog
c:\users\anmol\source\repos\tools\tools\release\tools.tlog\cl.read.1.tlog
c:\users\anmol\source\repos\tools\tools\release\tools.tlog\cl.write.1.tlog
c:\users\anmol\source\repos\tools\tools\release\tools.tlog\link.command.1.tlog
c:\users\anmol\source\repos\tools\tools\release\tools.tlog\link.read.1.tlog
c:\users\anmol\source\repos\tools\tools\release\tools.tlog\link.write.1.tlog
c:\users\anmol\source\repos\tools\tools\release\tools.tlog\metagen.read.1.tlog
c:\users\anmol\source\repos\tools\tools\release\tools.tlog\metagen.write.1.tlog
c:\users\anmol\source\repos\tools\tools\release\tools.tlog\tools.write.1u.tlog
